Started Reading

[1m[32mgetting Links From Manga[39m[22m

Started Reading From Asura Scans

[1m[32mGetting all the links  Tales Of Demons And Gods[39m[22m

[1m[32mgetting Links From Asura Scans[39m[22m

[1m[32mGetting all the links From Auras Scans Return of the Mount Hua Sect[39m[22m

[1m[32mgetting Links From Asura Scans[39m[22m

[1m[32mGetting all the links From Auras Scans I Am the Fated Villain[39m[22m

[1m[32mgetting Links From Asura Scans[39m[22m

[1m[32mGetting all the links From Auras Scans Return of the Disaster-Class Hero[39m[22m

[1m[32mgetting Links From Asura Scans[39m[22m

[1m[32mGetting all the links From Auras Scans Talent-Swallowing Magician[39m[22m

[1m[32mgetting Links From Asura Scans[39m[22m

[1m[32mGetting all the links From Auras Scans Doctor’s Rebirth[39m[22m

[1m[32mgetting Links From Asura Scans[39m[22m

[1m[32mGetting all the links From Auras Scans Duke Pendragon[39m[22m

[1m[32mgetting Links From Asura Scans[39m[22m

[1m[32mGetting all the links From Auras Scans Reincarnation of the Suicidal Battle God[39m[22m

[1m[32mgetting Links From Asura Scans[39m[22m

[1m[32mGetting all the links From Auras Scans Return Of The Shattered Constellation[39m[22m

[1m[32mgetting Links From Asura Scans[39m[22m

[1m[32mGetting all the links From Auras Scans The Immortal Emperor Luo Wuji Has Returned[39m[22m

[1m[32mgetting Links From Asura Scans[39m[22m

[1m[32mGetting all the links From Auras Scans The Dark Magician Transmigrates After 66666 Years[39m[22m

[1m[32mgetting Links From Asura Scans[39m[22m

[1m[32mGetting all the links From Auras Scans Regressor Instruction Manual[39m[22m

[1m[32mgetting Links From Asura Scans[39m[22m

[1m[32mGetting all the links From Auras Scans My Daughter is the Final Boss[39m[22m

[1m[32mgetting Links From Asura Scans[39m[22m

[1m[32mGetting all the links From Auras Scans The S-Classes That I Raised[39m[22m

[1m[32mgetting Links From Asura Scans[39m[22m

[1m[32mGetting all the links From Auras Scans My Civil Servant Life Reborn in the Strange World[39m[22m

[1m[32mgetting Links From Asura Scans[39m[22m

[1m[32mGetting all the links From Auras Scans Worthless Regression[39m[22m

[1m[32mgetting Links From Asura Scans[39m[22m

[1m[32mGetting all the links From Auras Scans The Max Level Hero has Returned![39m[22m

[1m[32mgetting Links From Asura Scans[39m[22m

[1m[32mGetting all the links From Auras Scans The World After The End[39m[22m

[1m[32mgetting Links From Asura Scans[39m[22m

[1m[32mGetting all the links From Auras Scans Wandering Warrior of Wudang[39m[22m

[1m[32mgetting Links From Asura Scans[39m[22m

[1m[32mGetting all the links From Auras Scans Legendary Youngest Son of the Marquis House (Manhwa)[39m[22m

[1m[32mFinished Transfering Links to File The World After The End[39m[22m

[1m[32mmoving to next Manga[39m[22m

[1m[32mFinished Transfering Links to File My Daughter is the Final Boss[39m[22m

[1m[32mmoving to next Manga[39m[22m

[1m[32mFinished Transfering Links to File I Am the Fated Villain[39m[22m

[1m[32mmoving to next Manga[39m[22m

[1m[32mFinished Transfering Links to File Worthless Regression[39m[22m

[1m[32mmoving to next Manga[39m[22m

[1m[32mFinished Transfering Links to File Legendary Youngest Son of the Marquis House (Manhwa)[39m[22m

[1m[32mmoving to next Manga[39m[22m

[1m[32mFinished Transfering Links to File Talent-Swallowing Magician[39m[22m

[1m[32mmoving to next Manga[39m[22m

[1m[32mFinished Transfering Links to File My Civil Servant Life Reborn in the Strange World[39m[22m

[1m[32mmoving to next Manga[39m[22m

[1m[32mFinished Transfering Links to File Return Of The Shattered Constellation[39m[22m

[1m[32mmoving to next Manga[39m[22m

[1m[32mFinished Transfering Links to File Duke Pendragon[39m[22m

[1m[32mmoving to next Manga[39m[22m

[1m[32mFinished Transfering Links to File The S-Classes That I Raised[39m[22m

[1m[32mmoving to next Manga[39m[22m

[1m[32mFinished Transfering Links to File Return of the Disaster-Class Hero[39m[22m

[1m[32mmoving to next Manga[39m[22m

[1m[32mFinished Transfering Links to File The Dark Magician Transmigrates After 66666 Years[39m[22m

[1m[32mmoving to next Manga[39m[22m

[1m[32mFinished Transfering Links to File Regressor Instruction Manual[39m[22m

[1m[32mmoving to next Manga[39m[22m

[1m[32mFinished Transfering Links to File Return of the Mount Hua Sect[39m[22m

[1m[32mmoving to next Manga[39m[22m

[1m[32mFinished Transfering Links to File Reincarnation of the Suicidal Battle God[39m[22m

[1m[32mmoving to next Manga[39m[22m

[1m[32mFinished Transfering Links to File Wandering Warrior of Wudang[39m[22m

[1m[32mmoving to next Manga[39m[22m

[1m[32mFinished Transfering Links to File Doctor’s Rebirth[39m[22m

[1m[32mmoving to next Manga[39m[22m

[1m[32mFinished Transfering Links to File The Max Level Hero has Returned![39m[22m

[1m[32mmoving to next Manga[39m[22m

[1m[32mFinished Transfering Links to File The Immortal Emperor Luo Wuji Has Returned[39m[22m

[1m[32mmoving to next Manga[39m[22m

[1m[32mFinished Transfering Links to File Tales Of Demons And Gods[39m[22m

[1m[32mmoving to next Manga[39m[22m

[1m[32mgetting Links From Manga[39m[22m

[1m[32mGetting all the links  Tokyo Manji Revengers[39m[22m

[1m[31mStopped / Server Down[39m[22m

[1m[31mStopped / Server Down[39m[22m

[1m[31mStopped / Server Down[39m[22m

[1m[31mStopped / Server Down[39m[22m

[1m[31mStopped / Server Down[39m[22m

[1m[31mStopped / Server Down[39m[22m

[1m[31mStopped / Server Down[39m[22m

[1m[31mStopped / Server Down[39m[22m

[1m[32mFinished Transfering Links to File Tokyo Manji Revengers[39m[22m

[1m[32mmoving to next Manga[39m[22m

[1m[32mgetting Links From Manga[39m[22m

[1m[32mGetting all the links  Martial Peak[39m[22m

Started Reading

[1m[32mgetting Links From Manga[39m[22m

Started Reading

[1m[32mgetting Links From Manga[39m[22m

[1m[32mGetting all the links  Tales Of Demons And Gods[39m[22m

[1m[32mGetting all the links  Tales Of Demons And Gods[39m[22m

[1m[32mFinished Transfering Links to File Martial Peak[39m[22m

[1m[32mmoving to next Manga[39m[22m

[1m[32mgetting Links From Manga[39m[22m

[1m[32mGetting all the links  Ore No Genjitsu Wa Ren'ai Game?? Ka To Omottara Inochigake No Game Datta[39m[22m

[1m[32mFinished Transfering Links to File Ore No Genjitsu Wa Ren'ai Game?? Ka To Omottara Inochigake No Game Datta[39m[22m

[1m[32mmoving to next Manga[39m[22m

[1m[32mgetting Links From Manga[39m[22m

[1m[32mGetting all the links  A Returner's Magic Should Be Special[39m[22m

[1m[32mFinished Transfering Links to File A Returner's Magic Should Be Special[39m[22m

[1m[32mmoving to next Manga[39m[22m

[1m[32mgetting Links From Manga[39m[22m

[1m[31mnot allowed[39m[22m

[1m[32mGetting all the links  Ceo Above, Me Below[39m[22m

[1m[32mFinished Transfering Links to File Ceo Above, Me Below[39m[22m

[1m[32mmoving to next Manga[39m[22m

[1m[32mgetting Links From Manga[39m[22m

[1m[32mGetting all the links  Dear Door[39m[22m

[1m[32mFinished Transfering Links to File Dear Door[39m[22m

[1m[32mmoving to next Manga[39m[22m

[1m[32mgetting Links From Manga[39m[22m

[1m[32mGetting all the links  Isekai Shoukan Wa Nidome Desu[39m[22m

[1m[31mStopped / Server Down[39m[22m

[1m[31mStopped / Server Down[39m[22m

[1m[32mFinished Transfering Links to File Isekai Shoukan Wa Nidome Desu[39m[22m

[1m[32mmoving to next Manga[39m[22m

[1m[32mgetting Links From Manga[39m[22m

[1m[32mGetting all the links  Soul Land Iv - The Ultimate Combat[39m[22m

[1m[31mStopped / Server Down[39m[22m

[1m[31mStopped / Server Down[39m[22m

[1m[31mthere an error in chapters [39m[22m
[1m[31m TypeError: Cannot read property 'status' of undefined[39m[22m

[1m[32mgetting Links From Manga[39m[22m

[1m[32mGetting all the links  Peerless Battle Spirit[39m[22m

[1m[32mFinished Transfering Links to File Peerless Battle Spirit[39m[22m

[1m[32mmoving to next Manga[39m[22m

[1m[32mgetting Links From Manga[39m[22m

[1m[32mGetting all the links  We Immediately Swing At Foul Balls[39m[22m

[1m[32mFinished Transfering Links to File We Immediately Swing At Foul Balls[39m[22m

[1m[32mmoving to next Manga[39m[22m

[1m[32mgetting Links From Manga[39m[22m

[1m[32mGetting all the links  Yumeguri Yurimeguri[39m[22m

[1m[32mFinished Transfering Links to File Yumeguri Yurimeguri[39m[22m

[1m[32mmoving to next Manga[39m[22m

[1m[32mgetting Links From Manga[39m[22m

[1m[32mGetting all the links  Milady Just Wants To Relax[39m[22m

[1m[32mFinished Transfering Links to File Milady Just Wants To Relax[39m[22m

[1m[32mmoving to next Manga[39m[22m

[1m[32mgetting Links From Manga[39m[22m

[1m[32mGetting all the links  The Second Coming Of Gluttony[39m[22m

[1m[32mFinished Transfering Links to File The Second Coming Of Gluttony[39m[22m

[1m[32mmoving to next Manga[39m[22m

[1m[32mgetting Links From Manga[39m[22m

[1m[32mGetting all the links  Daughter Of The Emperor[39m[22m

[1m[32mFinished Transfering Links to File Daughter Of The Emperor[39m[22m

[1m[32mmoving to next Manga[39m[22m

[1m[32mgetting Links From Manga[39m[22m

[1m[32mGetting all the links  Hanging Out With A Gamer Girl[39m[22m

[1m[32mFinished Transfering Links to File Hanging Out With A Gamer Girl[39m[22m

[1m[32mmoving to next Manga[39m[22m

[1m[32mgetting Links From Manga[39m[22m

[1m[32mGetting all the links  One Step Toward Freedom[39m[22m

Started Reading

Started Reading

[1m[32mgetting Links From Manga[39m[22m

[1m[32mgetting Links From Manga[39m[22m

[1m[31mthere an error in chapters [39m[22m
[1m[31m TypeError: Cannot read property 'status' of undefined[39m[22m

[1m[32mgetting Links From Manga[39m[22m

[1m[32mGetting all the links  Tales Of Demons And Gods[39m[22m

[1m[32mGetting all the links  Tales Of Demons And Gods[39m[22m

[1m[32mGetting all the links  Survival Story Of A Sword King In A Fantasy World[39m[22m

